[main] Starting alpha workflow from c:\Users\lindeman\OneDrive - JPL\Documents\neutrino\python\AlphaCalcUpdated\alpha_calc.py
[main] About to compute exact alpha (no approximations)
[compute_alpha] Start: n=100, Tc=1, Tdb=275, approx_sigma=False, approx_Delta=False
[af] About to start alpha calculation for 100 temperature points
[af] About to do step 1/4: compute Z1 at base temperatures
[Zf] Start
[sf] Start: n=100, approx_sigma=False, approx_Delta=False
[sf] About to do step 1/3: solve Delta roots (usually the slowest step)
[delta_solver2] About to solve Delta root for T=0.05
[delta_solver2] Done for T=0.05
[delta_solver2] About to solve Delta root for T=0.0585859
[delta_solver2] Done for T=0.0585859
[delta_solver2] About to solve Delta root for T=0.0671717
[delta_solver2] Done for T=0.0671717
[delta_solver2] About to solve Delta root for T=0.0757576
[delta_solver2] Done for T=0.0757576
[delta_solver2] About to solve Delta root for T=0.0843434
[delta_solver2] Done for T=0.0843434
[delta_solver2] About to solve Delta root for T=0.0929293
[delta_solver2] Done for T=0.0929293
[delta_solver2] About to solve Delta root for T=0.101515
[delta_solver2] Done for T=0.101515
[delta_solver2] About to solve Delta root for T=0.110101
[delta_solver2] Done for T=0.110101
[delta_solver2] About to solve Delta root for T=0.118687
[delta_solver2] Done for T=0.118687
[delta_solver2] About to solve Delta root for T=0.127273
[delta_solver2] Done for T=0.127273
[delta_solver2] About to solve Delta root for T=0.135859
[delta_solver2] Done for T=0.135859
[delta_solver2] About to solve Delta root for T=0.144444
[delta_solver2] Done for T=0.144444
[delta_solver2] About to solve Delta root for T=0.15303
[delta_solver2] Done for T=0.15303
[delta_solver2] About to solve Delta root for T=0.161616
[delta_solver2] Done for T=0.161616
[delta_solver2] About to solve Delta root for T=0.170202
[delta_solver2] Done for T=0.170202
[delta_solver2] About to solve Delta root for T=0.178788
[delta_solver2] Done for T=0.178788
[delta_solver2] About to solve Delta root for T=0.187374
[delta_solver2] Done for T=0.187374
[delta_solver2] About to solve Delta root for T=0.19596
[delta_solver2] Done for T=0.19596
[delta_solver2] About to solve Delta root for T=0.204545
[delta_solver2] Done for T=0.204545
[delta_solver2] About to solve Delta root for T=0.213131
[delta_solver2] Done for T=0.213131
[delta_solver2] About to solve Delta root for T=0.221717
[delta_solver2] Done for T=0.221717
[delta_solver2] About to solve Delta root for T=0.230303
[delta_solver2] Done for T=0.230303
[delta_solver2] About to solve Delta root for T=0.238889
[delta_solver2] Done for T=0.238889
[delta_solver2] About to solve Delta root for T=0.247475
[delta_solver2] Done for T=0.247475
[delta_solver2] About to solve Delta root for T=0.256061
[delta_solver2] Done for T=0.256061
[delta_solver2] About to solve Delta root for T=0.264646
[delta_solver2] Done for T=0.264646
[delta_solver2] About to solve Delta root for T=0.273232
[delta_solver2] Done for T=0.273232
[delta_solver2] About to solve Delta root for T=0.281818
[delta_solver2] Done for T=0.281818
[delta_solver2] About to solve Delta root for T=0.290404
[delta_solver2] Done for T=0.290404
[delta_solver2] About to solve Delta root for T=0.29899
[delta_solver2] Done for T=0.29899
[delta_solver2] About to solve Delta root for T=0.307576
[delta_solver2] Done for T=0.307576
[delta_solver2] About to solve Delta root for T=0.316162
[delta_solver2] Done for T=0.316162
[delta_solver2] About to solve Delta root for T=0.324747
[delta_solver2] Done for T=0.324747
[delta_solver2] About to solve Delta root for T=0.333333
[delta_solver2] Done for T=0.333333
[delta_solver2] About to solve Delta root for T=0.341919
[delta_solver2] Done for T=0.341919
[delta_solver2] About to solve Delta root for T=0.350505
[delta_solver2] Done for T=0.350505
[delta_solver2] About to solve Delta root for T=0.359091
[delta_solver2] Done for T=0.359091
[delta_solver2] About to solve Delta root for T=0.367677
[delta_solver2] Done for T=0.367677
[delta_solver2] About to solve Delta root for T=0.376263
[delta_solver2] Done for T=0.376263
[delta_solver2] About to solve Delta root for T=0.384848
[delta_solver2] Done for T=0.384848
[delta_solver2] About to solve Delta root for T=0.393434
[delta_solver2] Done for T=0.393434
[delta_solver2] About to solve Delta root for T=0.40202
[delta_solver2] Done for T=0.40202
[delta_solver2] About to solve Delta root for T=0.410606
[delta_solver2] Done for T=0.410606
[delta_solver2] About to solve Delta root for T=0.419192
[delta_solver2] Done for T=0.419192
[delta_solver2] About to solve Delta root for T=0.427778
[delta_solver2] Done for T=0.427778
[delta_solver2] About to solve Delta root for T=0.436364
[delta_solver2] Done for T=0.436364
[delta_solver2] About to solve Delta root for T=0.444949
[delta_solver2] Done for T=0.444949
[delta_solver2] About to solve Delta root for T=0.453535
[delta_solver2] Done for T=0.453535
[delta_solver2] About to solve Delta root for T=0.462121
[delta_solver2] Done for T=0.462121
[delta_solver2] About to solve Delta root for T=0.470707
[delta_solver2] Done for T=0.470707
[delta_solver2] About to solve Delta root for T=0.479293
[delta_solver2] Done for T=0.479293
[delta_solver2] About to solve Delta root for T=0.487879
[delta_solver2] Done for T=0.487879
[delta_solver2] About to solve Delta root for T=0.496465
[delta_solver2] Done for T=0.496465
[delta_solver2] About to solve Delta root for T=0.505051
[delta_solver2] Done for T=0.505051
[delta_solver2] About to solve Delta root for T=0.513636
[delta_solver2] Done for T=0.513636
[delta_solver2] About to solve Delta root for T=0.522222
[delta_solver2] Done for T=0.522222
[delta_solver2] About to solve Delta root for T=0.530808
[delta_solver2] Done for T=0.530808
[delta_solver2] About to solve Delta root for T=0.539394
[delta_solver2] Done for T=0.539394
[delta_solver2] About to solve Delta root for T=0.54798
[delta_solver2] Done for T=0.54798
[delta_solver2] About to solve Delta root for T=0.556566
[delta_solver2] Done for T=0.556566
[delta_solver2] About to solve Delta root for T=0.565152
[delta_solver2] Done for T=0.565152
[delta_solver2] About to solve Delta root for T=0.573737
[delta_solver2] Done for T=0.573737
[delta_solver2] About to solve Delta root for T=0.582323
[delta_solver2] Done for T=0.582323
[delta_solver2] About to solve Delta root for T=0.590909
[delta_solver2] Done for T=0.590909
[delta_solver2] About to solve Delta root for T=0.599495
[delta_solver2] Done for T=0.599495
[delta_solver2] About to solve Delta root for T=0.608081
[delta_solver2] Done for T=0.608081
[delta_solver2] About to solve Delta root for T=0.616667
[delta_solver2] Done for T=0.616667
[delta_solver2] About to solve Delta root for T=0.625253
[delta_solver2] Done for T=0.625253
[delta_solver2] About to solve Delta root for T=0.633838
[delta_solver2] Done for T=0.633838
[delta_solver2] About to solve Delta root for T=0.642424
[delta_solver2] Done for T=0.642424
[delta_solver2] About to solve Delta root for T=0.65101
[delta_solver2] Done for T=0.65101
[delta_solver2] About to solve Delta root for T=0.659596
[delta_solver2] Done for T=0.659596
[delta_solver2] About to solve Delta root for T=0.668182
[delta_solver2] Done for T=0.668182
[delta_solver2] About to solve Delta root for T=0.676768
[delta_solver2] Done for T=0.676768
[delta_solver2] About to solve Delta root for T=0.685354
[delta_solver2] Done for T=0.685354
[delta_solver2] About to solve Delta root for T=0.693939
[delta_solver2] Done for T=0.693939
[delta_solver2] About to solve Delta root for T=0.702525
[delta_solver2] Done for T=0.702525
[delta_solver2] About to solve Delta root for T=0.711111
[delta_solver2] Done for T=0.711111
[delta_solver2] About to solve Delta root for T=0.719697
[delta_solver2] Done for T=0.719697
[delta_solver2] About to solve Delta root for T=0.728283
[delta_solver2] Done for T=0.728283
[delta_solver2] About to solve Delta root for T=0.736869
[delta_solver2] Done for T=0.736869
[delta_solver2] About to solve Delta root for T=0.745455
[delta_solver2] Done for T=0.745455
[delta_solver2] About to solve Delta root for T=0.75404
[delta_solver2] Done for T=0.75404
[delta_solver2] About to solve Delta root for T=0.762626
[delta_solver2] Done for T=0.762626
[delta_solver2] About to solve Delta root for T=0.771212
[delta_solver2] Done for T=0.771212
[delta_solver2] About to solve Delta root for T=0.779798
[delta_solver2] Done for T=0.779798
[delta_solver2] About to solve Delta root for T=0.788384
[delta_solver2] Done for T=0.788384
[delta_solver2] About to solve Delta root for T=0.79697
[delta_solver2] Done for T=0.79697
[delta_solver2] About to solve Delta root for T=0.805556
[delta_solver2] Done for T=0.805556
[delta_solver2] About to solve Delta root for T=0.814141
[delta_solver2] Done for T=0.814141
[delta_solver2] About to solve Delta root for T=0.822727
[delta_solver2] Done for T=0.822727
[delta_solver2] About to solve Delta root for T=0.831313
[delta_solver2] Done for T=0.831313
[delta_solver2] About to solve Delta root for T=0.839899
[delta_solver2] Done for T=0.839899
[delta_solver2] About to solve Delta root for T=0.848485
[delta_solver2] Done for T=0.848485
[delta_solver2] About to solve Delta root for T=0.857071
[delta_solver2] Done for T=0.857071
[delta_solver2] About to solve Delta root for T=0.865657
[delta_solver2] Done for T=0.865657
[delta_solver2] About to solve Delta root for T=0.874242
[delta_solver2] Done for T=0.874242
[delta_solver2] About to solve Delta root for T=0.882828
[delta_solver2] Done for T=0.882828
[delta_solver2] About to solve Delta root for T=0.891414
[delta_solver2] Done for T=0.891414
[delta_solver2] About to solve Delta root for T=0.9
[delta_solver2] Done for T=0.9
[sf] About to do step 2/3: compute sigma1 by integration
[s1] About to start sigma1 integrations for 100 point(s)
[s1] About to integrate point 1/100 at T=0.05
[s1] About to integrate point 2/100 at T=0.0585859
[s1] About to integrate point 3/100 at T=0.0671717
[s1] About to integrate point 4/100 at T=0.0757576
[s1] About to integrate point 5/100 at T=0.0843434
[s1] About to integrate point 6/100 at T=0.0929293
[s1] About to integrate point 7/100 at T=0.101515
[s1] About to integrate point 8/100 at T=0.110101
[s1] About to integrate point 9/100 at T=0.118687
[s1] About to integrate point 10/100 at T=0.127273
[s1] About to integrate point 11/100 at T=0.135859
[s1] About to integrate point 12/100 at T=0.144444
[s1] About to integrate point 13/100 at T=0.15303
[s1] About to integrate point 14/100 at T=0.161616
[s1] About to integrate point 15/100 at T=0.170202
[s1] About to integrate point 16/100 at T=0.178788
[s1] About to integrate point 17/100 at T=0.187374
[s1] About to integrate point 18/100 at T=0.19596
[s1] About to integrate point 19/100 at T=0.204545
[s1] About to integrate point 20/100 at T=0.213131
[s1] About to integrate point 21/100 at T=0.221717
[s1] About to integrate point 22/100 at T=0.230303
[s1] About to integrate point 23/100 at T=0.238889
[s1] About to integrate point 24/100 at T=0.247475
[s1] About to integrate point 25/100 at T=0.256061
[s1] About to integrate point 26/100 at T=0.264646
[s1] About to integrate point 27/100 at T=0.273232
[s1] About to integrate point 28/100 at T=0.281818
[s1] About to integrate point 29/100 at T=0.290404
[s1] About to integrate point 30/100 at T=0.29899
[s1] About to integrate point 31/100 at T=0.307576
[s1] About to integrate point 32/100 at T=0.316162
[s1] About to integrate point 33/100 at T=0.324747
[s1] About to integrate point 34/100 at T=0.333333
[s1] About to integrate point 35/100 at T=0.341919
[s1] About to integrate point 36/100 at T=0.350505
[s1] About to integrate point 37/100 at T=0.359091
[s1] About to integrate point 38/100 at T=0.367677
[s1] About to integrate point 39/100 at T=0.376263
[s1] About to integrate point 40/100 at T=0.384848
[s1] About to integrate point 41/100 at T=0.393434
[s1] About to integrate point 42/100 at T=0.40202
[s1] About to integrate point 43/100 at T=0.410606
[s1] About to integrate point 44/100 at T=0.419192
[s1] About to integrate point 45/100 at T=0.427778
[s1] About to integrate point 46/100 at T=0.436364
[s1] About to integrate point 47/100 at T=0.444949
[s1] About to integrate point 48/100 at T=0.453535
[s1] About to integrate point 49/100 at T=0.462121
[s1] About to integrate point 50/100 at T=0.470707
[s1] About to integrate point 51/100 at T=0.479293
[s1] About to integrate point 52/100 at T=0.487879
[s1] About to integrate point 53/100 at T=0.496465
[s1] About to integrate point 54/100 at T=0.505051
[s1] About to integrate point 55/100 at T=0.513636
[s1] About to integrate point 56/100 at T=0.522222
[s1] About to integrate point 57/100 at T=0.530808
[s1] About to integrate point 58/100 at T=0.539394
[s1] About to integrate point 59/100 at T=0.54798
[s1] About to integrate point 60/100 at T=0.556566
[s1] About to integrate point 61/100 at T=0.565152
[s1] About to integrate point 62/100 at T=0.573737
[s1] About to integrate point 63/100 at T=0.582323
[s1] About to integrate point 64/100 at T=0.590909
[s1] About to integrate point 65/100 at T=0.599495
[s1] About to integrate point 66/100 at T=0.608081
[s1] About to integrate point 67/100 at T=0.616667
[s1] About to integrate point 68/100 at T=0.625253
[s1] About to integrate point 69/100 at T=0.633838
[s1] About to integrate point 70/100 at T=0.642424
[s1] About to integrate point 71/100 at T=0.65101
[s1] About to integrate point 72/100 at T=0.659596
[s1] About to integrate point 73/100 at T=0.668182
[s1] About to integrate point 74/100 at T=0.676768
[s1] About to integrate point 75/100 at T=0.685354
[s1] About to integrate point 76/100 at T=0.693939
[s1] About to integrate point 77/100 at T=0.702525
[s1] About to integrate point 78/100 at T=0.711111
[s1] About to integrate point 79/100 at T=0.719697
[s1] About to integrate point 80/100 at T=0.728283
[s1] About to integrate point 81/100 at T=0.736869
[s1] About to integrate point 82/100 at T=0.745455
[s1] About to integrate point 83/100 at T=0.75404
[s1] About to integrate point 84/100 at T=0.762626
[s1] About to integrate point 85/100 at T=0.771212
[s1] About to integrate point 86/100 at T=0.779798
[s1] About to integrate point 87/100 at T=0.788384
[s1] About to integrate point 88/100 at T=0.79697
[s1] About to integrate point 89/100 at T=0.805556
[s1] About to integrate point 90/100 at T=0.814141
[s1] About to integrate point 91/100 at T=0.822727
[s1] About to integrate point 92/100 at T=0.831313
[s1] About to integrate point 93/100 at T=0.839899
[s1] About to integrate point 94/100 at T=0.848485
[s1] About to integrate point 95/100 at T=0.857071
[s1] About to integrate point 96/100 at T=0.865657
[s1] About to integrate point 97/100 at T=0.874242
[s1] About to integrate point 98/100 at T=0.882828
[s1] About to integrate point 99/100 at T=0.891414
[s1] About to integrate point 100/100 at T=0.9
[s1] Done
[sf] About to do step 3/3: compute sigma2 by integration
[s2] About to start sigma2 integrations for 100 point(s)
[s2] About to integrate point 1/100 at T=0.05
[s2] About to integrate point 2/100 at T=0.0585859
[s2] About to integrate point 3/100 at T=0.0671717
[s2] About to integrate point 4/100 at T=0.0757576
[s2] About to integrate point 5/100 at T=0.0843434
[s2] About to integrate point 6/100 at T=0.0929293
[s2] About to integrate point 7/100 at T=0.101515
[s2] About to integrate point 8/100 at T=0.110101
[s2] About to integrate point 9/100 at T=0.118687
[s2] About to integrate point 10/100 at T=0.127273
[s2] About to integrate point 11/100 at T=0.135859
[s2] About to integrate point 12/100 at T=0.144444
[s2] About to integrate point 13/100 at T=0.15303
[s2] About to integrate point 14/100 at T=0.161616
[s2] About to integrate point 15/100 at T=0.170202
[s2] About to integrate point 16/100 at T=0.178788
[s2] About to integrate point 17/100 at T=0.187374
[s2] About to integrate point 18/100 at T=0.19596
[s2] About to integrate point 19/100 at T=0.204545
[s2] About to integrate point 20/100 at T=0.213131
[s2] About to integrate point 21/100 at T=0.221717
[s2] About to integrate point 22/100 at T=0.230303
[s2] About to integrate point 23/100 at T=0.238889
[s2] About to integrate point 24/100 at T=0.247475
[s2] About to integrate point 25/100 at T=0.256061
[s2] About to integrate point 26/100 at T=0.264646
[s2] About to integrate point 27/100 at T=0.273232
[s2] About to integrate point 28/100 at T=0.281818
[s2] About to integrate point 29/100 at T=0.290404
[s2] About to integrate point 30/100 at T=0.29899
[s2] About to integrate point 31/100 at T=0.307576
[s2] About to integrate point 32/100 at T=0.316162
[s2] About to integrate point 33/100 at T=0.324747
[s2] About to integrate point 34/100 at T=0.333333
[s2] About to integrate point 35/100 at T=0.341919
[s2] About to integrate point 36/100 at T=0.350505
[s2] About to integrate point 37/100 at T=0.359091
[s2] About to integrate point 38/100 at T=0.367677
[s2] About to integrate point 39/100 at T=0.376263
[s2] About to integrate point 40/100 at T=0.384848
[s2] About to integrate point 41/100 at T=0.393434
[s2] About to integrate point 42/100 at T=0.40202
[s2] About to integrate point 43/100 at T=0.410606
[s2] About to integrate point 44/100 at T=0.419192
[s2] About to integrate point 45/100 at T=0.427778
[s2] About to integrate point 46/100 at T=0.436364
[s2] About to integrate point 47/100 at T=0.444949
[s2] About to integrate point 48/100 at T=0.453535
[s2] About to integrate point 49/100 at T=0.462121
[s2] About to integrate point 50/100 at T=0.470707
[s2] About to integrate point 51/100 at T=0.479293
[s2] About to integrate point 52/100 at T=0.487879
[s2] About to integrate point 53/100 at T=0.496465
[s2] About to integrate point 54/100 at T=0.505051
[s2] About to integrate point 55/100 at T=0.513636
[s2] About to integrate point 56/100 at T=0.522222
[s2] About to integrate point 57/100 at T=0.530808
[s2] About to integrate point 58/100 at T=0.539394
[s2] About to integrate point 59/100 at T=0.54798
[s2] About to integrate point 60/100 at T=0.556566
[s2] About to integrate point 61/100 at T=0.565152
[s2] About to integrate point 62/100 at T=0.573737
[s2] About to integrate point 63/100 at T=0.582323
[s2] About to integrate point 64/100 at T=0.590909
[s2] About to integrate point 65/100 at T=0.599495
[s2] About to integrate point 66/100 at T=0.608081
[s2] About to integrate point 67/100 at T=0.616667
[s2] About to integrate point 68/100 at T=0.625253
[s2] About to integrate point 69/100 at T=0.633838
[s2] About to integrate point 70/100 at T=0.642424
[s2] About to integrate point 71/100 at T=0.65101
[s2] About to integrate point 72/100 at T=0.659596
[s2] About to integrate point 73/100 at T=0.668182
[s2] About to integrate point 74/100 at T=0.676768
[s2] About to integrate point 75/100 at T=0.685354
[s2] About to integrate point 76/100 at T=0.693939
[s2] About to integrate point 77/100 at T=0.702525
[s2] About to integrate point 78/100 at T=0.711111
[s2] About to integrate point 79/100 at T=0.719697
[s2] About to integrate point 80/100 at T=0.728283
[s2] About to integrate point 81/100 at T=0.736869
[s2] About to integrate point 82/100 at T=0.745455
[s2] About to integrate point 83/100 at T=0.75404
[s2] About to integrate point 84/100 at T=0.762626
[s2] About to integrate point 85/100 at T=0.771212
[s2] About to integrate point 86/100 at T=0.779798
[s2] About to integrate point 87/100 at T=0.788384
[s2] About to integrate point 88/100 at T=0.79697
[s2] About to integrate point 89/100 at T=0.805556
[s2] About to integrate point 90/100 at T=0.814141
[s2] About to integrate point 91/100 at T=0.822727
[s2] About to integrate point 92/100 at T=0.831313
[s2] About to integrate point 93/100 at T=0.839899
[s2] About to integrate point 94/100 at T=0.848485
[s2] About to integrate point 95/100 at T=0.857071
[s2] About to integrate point 96/100 at T=0.865657
[s2] About to integrate point 97/100 at T=0.874242
[s2] About to integrate point 98/100 at T=0.882828
[s2] About to integrate point 99/100 at T=0.891414
[s2] About to integrate point 100/100 at T=0.9
[s2] Done
[sf] Done
[Zf] Done
[af] About to do step 2/4: compute Z2 at perturbed temperatures
[Zf] Start
[sf] Start: n=100, approx_sigma=False, approx_Delta=False
[sf] About to do step 1/3: solve Delta roots (usually the slowest step)
[delta_solver2] About to solve Delta root for T=0.055
[delta_solver2] Done for T=0.055
[delta_solver2] About to solve Delta root for T=0.0644444
[delta_solver2] Done for T=0.0644444
[delta_solver2] About to solve Delta root for T=0.0738889
[delta_solver2] Done for T=0.0738889
[delta_solver2] About to solve Delta root for T=0.0833333
[delta_solver2] Done for T=0.0833333
[delta_solver2] About to solve Delta root for T=0.0927778
[delta_solver2] Done for T=0.0927778
[delta_solver2] About to solve Delta root for T=0.102222
[delta_solver2] Done for T=0.102222
[delta_solver2] About to solve Delta root for T=0.111667
[delta_solver2] Done for T=0.111667
[delta_solver2] About to solve Delta root for T=0.121111
[delta_solver2] Done for T=0.121111
[delta_solver2] About to solve Delta root for T=0.130556
[delta_solver2] Done for T=0.130556
[delta_solver2] About to solve Delta root for T=0.14
[delta_solver2] Done for T=0.14
[delta_solver2] About to solve Delta root for T=0.149444
[delta_solver2] Done for T=0.149444
[delta_solver2] About to solve Delta root for T=0.158889
[delta_solver2] Done for T=0.158889
[delta_solver2] About to solve Delta root for T=0.168333
[delta_solver2] Done for T=0.168333
[delta_solver2] About to solve Delta root for T=0.177778
[delta_solver2] Done for T=0.177778
[delta_solver2] About to solve Delta root for T=0.187222
[delta_solver2] Done for T=0.187222
[delta_solver2] About to solve Delta root for T=0.196667
[delta_solver2] Done for T=0.196667
[delta_solver2] About to solve Delta root for T=0.206111
[delta_solver2] Done for T=0.206111
[delta_solver2] About to solve Delta root for T=0.215556
[delta_solver2] Done for T=0.215556
[delta_solver2] About to solve Delta root for T=0.225
[delta_solver2] Done for T=0.225
[delta_solver2] About to solve Delta root for T=0.234444
[delta_solver2] Done for T=0.234444
[delta_solver2] About to solve Delta root for T=0.243889
[delta_solver2] Done for T=0.243889
[delta_solver2] About to solve Delta root for T=0.253333
[delta_solver2] Done for T=0.253333
[delta_solver2] About to solve Delta root for T=0.262778
[delta_solver2] Done for T=0.262778
[delta_solver2] About to solve Delta root for T=0.272222
[delta_solver2] Done for T=0.272222
[delta_solver2] About to solve Delta root for T=0.281667
[delta_solver2] Done for T=0.281667
[delta_solver2] About to solve Delta root for T=0.291111
[delta_solver2] Done for T=0.291111
[delta_solver2] About to solve Delta root for T=0.300556
[delta_solver2] Done for T=0.300556
[delta_solver2] About to solve Delta root for T=0.31
[delta_solver2] Done for T=0.31
[delta_solver2] About to solve Delta root for T=0.319444
[delta_solver2] Done for T=0.319444
[delta_solver2] About to solve Delta root for T=0.328889
[delta_solver2] Done for T=0.328889
[delta_solver2] About to solve Delta root for T=0.338333
[delta_solver2] Done for T=0.338333
[delta_solver2] About to solve Delta root for T=0.347778
[delta_solver2] Done for T=0.347778
[delta_solver2] About to solve Delta root for T=0.357222
[delta_solver2] Done for T=0.357222
[delta_solver2] About to solve Delta root for T=0.366667
[delta_solver2] Done for T=0.366667
[delta_solver2] About to solve Delta root for T=0.376111
[delta_solver2] Done for T=0.376111
[delta_solver2] About to solve Delta root for T=0.385556
[delta_solver2] Done for T=0.385556
[delta_solver2] About to solve Delta root for T=0.395
[delta_solver2] Done for T=0.395
[delta_solver2] About to solve Delta root for T=0.404444
[delta_solver2] Done for T=0.404444
[delta_solver2] About to solve Delta root for T=0.413889
[delta_solver2] Done for T=0.413889
[delta_solver2] About to solve Delta root for T=0.423333
[delta_solver2] Done for T=0.423333
[delta_solver2] About to solve Delta root for T=0.432778
[delta_solver2] Done for T=0.432778
[delta_solver2] About to solve Delta root for T=0.442222
[delta_solver2] Done for T=0.442222
[delta_solver2] About to solve Delta root for T=0.451667
[delta_solver2] Done for T=0.451667
[delta_solver2] About to solve Delta root for T=0.461111
[delta_solver2] Done for T=0.461111
[delta_solver2] About to solve Delta root for T=0.470556
[delta_solver2] Done for T=0.470556
[delta_solver2] About to solve Delta root for T=0.48
[delta_solver2] Done for T=0.48
[delta_solver2] About to solve Delta root for T=0.489444
[delta_solver2] Done for T=0.489444
[delta_solver2] About to solve Delta root for T=0.498889
[delta_solver2] Done for T=0.498889
[delta_solver2] About to solve Delta root for T=0.508333
[delta_solver2] Done for T=0.508333
[delta_solver2] About to solve Delta root for T=0.517778
[delta_solver2] Done for T=0.517778
[delta_solver2] About to solve Delta root for T=0.527222
[delta_solver2] Done for T=0.527222
[delta_solver2] About to solve Delta root for T=0.536667
[delta_solver2] Done for T=0.536667
[delta_solver2] About to solve Delta root for T=0.546111
[delta_solver2] Done for T=0.546111
[delta_solver2] About to solve Delta root for T=0.555556
[delta_solver2] Done for T=0.555556
[delta_solver2] About to solve Delta root for T=0.565
[delta_solver2] Done for T=0.565
[delta_solver2] About to solve Delta root for T=0.574444
[delta_solver2] Done for T=0.574444
[delta_solver2] About to solve Delta root for T=0.583889
[delta_solver2] Done for T=0.583889
[delta_solver2] About to solve Delta root for T=0.593333
[delta_solver2] Done for T=0.593333
[delta_solver2] About to solve Delta root for T=0.602778
[delta_solver2] Done for T=0.602778
[delta_solver2] About to solve Delta root for T=0.612222
[delta_solver2] Done for T=0.612222
[delta_solver2] About to solve Delta root for T=0.621667
[delta_solver2] Done for T=0.621667
[delta_solver2] About to solve Delta root for T=0.631111
[delta_solver2] Done for T=0.631111
[delta_solver2] About to solve Delta root for T=0.640556
[delta_solver2] Done for T=0.640556
[delta_solver2] About to solve Delta root for T=0.65
[delta_solver2] Done for T=0.65
[delta_solver2] About to solve Delta root for T=0.659444
[delta_solver2] Done for T=0.659444
[delta_solver2] About to solve Delta root for T=0.668889
[delta_solver2] Done for T=0.668889
[delta_solver2] About to solve Delta root for T=0.678333
[delta_solver2] Done for T=0.678333
[delta_solver2] About to solve Delta root for T=0.687778
[delta_solver2] Done for T=0.687778
[delta_solver2] About to solve Delta root for T=0.697222
[delta_solver2] Done for T=0.697222
[delta_solver2] About to solve Delta root for T=0.706667
[delta_solver2] Done for T=0.706667
[delta_solver2] About to solve Delta root for T=0.716111
[delta_solver2] Done for T=0.716111
[delta_solver2] About to solve Delta root for T=0.725556
[delta_solver2] Done for T=0.725556
[delta_solver2] About to solve Delta root for T=0.735
[delta_solver2] Done for T=0.735
[delta_solver2] About to solve Delta root for T=0.744444
[delta_solver2] Done for T=0.744444
[delta_solver2] About to solve Delta root for T=0.753889
[delta_solver2] Done for T=0.753889
[delta_solver2] About to solve Delta root for T=0.763333
[delta_solver2] Done for T=0.763333
[delta_solver2] About to solve Delta root for T=0.772778
[delta_solver2] Done for T=0.772778
[delta_solver2] About to solve Delta root for T=0.782222
[delta_solver2] Done for T=0.782222
[delta_solver2] About to solve Delta root for T=0.791667
[delta_solver2] Done for T=0.791667
[delta_solver2] About to solve Delta root for T=0.801111
[delta_solver2] Done for T=0.801111
[delta_solver2] About to solve Delta root for T=0.810556
[delta_solver2] Done for T=0.810556
[delta_solver2] About to solve Delta root for T=0.82
[delta_solver2] Done for T=0.82
[delta_solver2] About to solve Delta root for T=0.829444
[delta_solver2] Done for T=0.829444
[delta_solver2] About to solve Delta root for T=0.838889
[delta_solver2] Done for T=0.838889
[delta_solver2] About to solve Delta root for T=0.848333
[delta_solver2] Done for T=0.848333
[delta_solver2] About to solve Delta root for T=0.857778
[delta_solver2] Done for T=0.857778
[delta_solver2] About to solve Delta root for T=0.867222
[delta_solver2] Done for T=0.867222
[delta_solver2] About to solve Delta root for T=0.876667
[delta_solver2] Done for T=0.876667
[delta_solver2] About to solve Delta root for T=0.886111
[delta_solver2] Done for T=0.886111
[delta_solver2] About to solve Delta root for T=0.895556
[delta_solver2] Done for T=0.895556
[delta_solver2] About to solve Delta root for T=0.905
[delta_solver2] Done for T=0.905
[delta_solver2] About to solve Delta root for T=0.914444
[delta_solver2] Done for T=0.914444
[delta_solver2] About to solve Delta root for T=0.923889
[delta_solver2] Done for T=0.923889
[delta_solver2] About to solve Delta root for T=0.933333
[delta_solver2] Done for T=0.933333
[delta_solver2] About to solve Delta root for T=0.942778
[delta_solver2] Done for T=0.942778
[delta_solver2] About to solve Delta root for T=0.952222
[delta_solver2] Done for T=0.952222
[delta_solver2] About to solve Delta root for T=0.961667
[delta_solver2] Done for T=0.961667
[delta_solver2] About to solve Delta root for T=0.971111
[delta_solver2] Done for T=0.971111
[delta_solver2] About to solve Delta root for T=0.980556
[delta_solver2] Done for T=0.980556
[delta_solver2] About to solve Delta root for T=0.99
[delta_solver2] Done for T=0.99
[sf] About to do step 2/3: compute sigma1 by integration
[s1] About to start sigma1 integrations for 100 point(s)
[s1] About to integrate point 1/100 at T=0.055
[s1] About to integrate point 2/100 at T=0.0644444
[s1] About to integrate point 3/100 at T=0.0738889
[s1] About to integrate point 4/100 at T=0.0833333
[s1] About to integrate point 5/100 at T=0.0927778
[s1] About to integrate point 6/100 at T=0.102222
[s1] About to integrate point 7/100 at T=0.111667
[s1] About to integrate point 8/100 at T=0.121111
[s1] About to integrate point 9/100 at T=0.130556
[s1] About to integrate point 10/100 at T=0.14
[s1] About to integrate point 11/100 at T=0.149444
[s1] About to integrate point 12/100 at T=0.158889
[s1] About to integrate point 13/100 at T=0.168333
[s1] About to integrate point 14/100 at T=0.177778
[s1] About to integrate point 15/100 at T=0.187222
[s1] About to integrate point 16/100 at T=0.196667
[s1] About to integrate point 17/100 at T=0.206111
[s1] About to integrate point 18/100 at T=0.215556
[s1] About to integrate point 19/100 at T=0.225
[s1] About to integrate point 20/100 at T=0.234444
[s1] About to integrate point 21/100 at T=0.243889
[s1] About to integrate point 22/100 at T=0.253333
[s1] About to integrate point 23/100 at T=0.262778
[s1] About to integrate point 24/100 at T=0.272222
[s1] About to integrate point 25/100 at T=0.281667
[s1] About to integrate point 26/100 at T=0.291111
[s1] About to integrate point 27/100 at T=0.300556
[s1] About to integrate point 28/100 at T=0.31
[s1] About to integrate point 29/100 at T=0.319444
[s1] About to integrate point 30/100 at T=0.328889
[s1] About to integrate point 31/100 at T=0.338333
[s1] About to integrate point 32/100 at T=0.347778
[s1] About to integrate point 33/100 at T=0.357222
[s1] About to integrate point 34/100 at T=0.366667
[s1] About to integrate point 35/100 at T=0.376111
[s1] About to integrate point 36/100 at T=0.385556
[s1] About to integrate point 37/100 at T=0.395
[s1] About to integrate point 38/100 at T=0.404444
[s1] About to integrate point 39/100 at T=0.413889
[s1] About to integrate point 40/100 at T=0.423333
[s1] About to integrate point 41/100 at T=0.432778
[s1] About to integrate point 42/100 at T=0.442222
[s1] About to integrate point 43/100 at T=0.451667
[s1] About to integrate point 44/100 at T=0.461111
[s1] About to integrate point 45/100 at T=0.470556
[s1] About to integrate point 46/100 at T=0.48
[s1] About to integrate point 47/100 at T=0.489444
[s1] About to integrate point 48/100 at T=0.498889
[s1] About to integrate point 49/100 at T=0.508333
[s1] About to integrate point 50/100 at T=0.517778
[s1] About to integrate point 51/100 at T=0.527222
[s1] About to integrate point 52/100 at T=0.536667
[s1] About to integrate point 53/100 at T=0.546111
[s1] About to integrate point 54/100 at T=0.555556
[s1] About to integrate point 55/100 at T=0.565
[s1] About to integrate point 56/100 at T=0.574444
[s1] About to integrate point 57/100 at T=0.583889
[s1] About to integrate point 58/100 at T=0.593333
[s1] About to integrate point 59/100 at T=0.602778
[s1] About to integrate point 60/100 at T=0.612222
[s1] About to integrate point 61/100 at T=0.621667
[s1] About to integrate point 62/100 at T=0.631111
[s1] About to integrate point 63/100 at T=0.640556
[s1] About to integrate point 64/100 at T=0.65
[s1] About to integrate point 65/100 at T=0.659444
[s1] About to integrate point 66/100 at T=0.668889
[s1] About to integrate point 67/100 at T=0.678333
[s1] About to integrate point 68/100 at T=0.687778
[s1] About to integrate point 69/100 at T=0.697222
[s1] About to integrate point 70/100 at T=0.706667
[s1] About to integrate point 71/100 at T=0.716111
[s1] About to integrate point 72/100 at T=0.725556
[s1] About to integrate point 73/100 at T=0.735
[s1] About to integrate point 74/100 at T=0.744444
[s1] About to integrate point 75/100 at T=0.753889
[s1] About to integrate point 76/100 at T=0.763333
[s1] About to integrate point 77/100 at T=0.772778
[s1] About to integrate point 78/100 at T=0.782222
[s1] About to integrate point 79/100 at T=0.791667
[s1] About to integrate point 80/100 at T=0.801111
[s1] About to integrate point 81/100 at T=0.810556
[s1] About to integrate point 82/100 at T=0.82
[s1] About to integrate point 83/100 at T=0.829444
[s1] About to integrate point 84/100 at T=0.838889
[s1] About to integrate point 85/100 at T=0.848333
[s1] About to integrate point 86/100 at T=0.857778
[s1] About to integrate point 87/100 at T=0.867222
[s1] About to integrate point 88/100 at T=0.876667
[s1] About to integrate point 89/100 at T=0.886111
[s1] About to integrate point 90/100 at T=0.895556
[s1] About to integrate point 91/100 at T=0.905
[s1] About to integrate point 92/100 at T=0.914444
[s1] About to integrate point 93/100 at T=0.923889
[s1] About to integrate point 94/100 at T=0.933333
[s1] About to integrate point 95/100 at T=0.942778
[s1] About to integrate point 96/100 at T=0.952222
[s1] About to integrate point 97/100 at T=0.961667
[s1] About to integrate point 98/100 at T=0.971111
[s1] About to integrate point 99/100 at T=0.980556
[s1] About to integrate point 100/100 at T=0.99
[s1] Done
[sf] About to do step 3/3: compute sigma2 by integration
[s2] About to start sigma2 integrations for 100 point(s)
[s2] About to integrate point 1/100 at T=0.055
[s2] About to integrate point 2/100 at T=0.0644444
[s2] About to integrate point 3/100 at T=0.0738889
[s2] About to integrate point 4/100 at T=0.0833333
[s2] About to integrate point 5/100 at T=0.0927778
[s2] About to integrate point 6/100 at T=0.102222
[s2] About to integrate point 7/100 at T=0.111667
[s2] About to integrate point 8/100 at T=0.121111
[s2] About to integrate point 9/100 at T=0.130556
[s2] About to integrate point 10/100 at T=0.14
[s2] About to integrate point 11/100 at T=0.149444
[s2] About to integrate point 12/100 at T=0.158889
[s2] About to integrate point 13/100 at T=0.168333
[s2] About to integrate point 14/100 at T=0.177778
[s2] About to integrate point 15/100 at T=0.187222
[s2] About to integrate point 16/100 at T=0.196667
[s2] About to integrate point 17/100 at T=0.206111
[s2] About to integrate point 18/100 at T=0.215556
[s2] About to integrate point 19/100 at T=0.225
[s2] About to integrate point 20/100 at T=0.234444
[s2] About to integrate point 21/100 at T=0.243889
[s2] About to integrate point 22/100 at T=0.253333
[s2] About to integrate point 23/100 at T=0.262778
[s2] About to integrate point 24/100 at T=0.272222
[s2] About to integrate point 25/100 at T=0.281667
[s2] About to integrate point 26/100 at T=0.291111
[s2] About to integrate point 27/100 at T=0.300556
[s2] About to integrate point 28/100 at T=0.31
[s2] About to integrate point 29/100 at T=0.319444
[s2] About to integrate point 30/100 at T=0.328889
[s2] About to integrate point 31/100 at T=0.338333
[s2] About to integrate point 32/100 at T=0.347778
[s2] About to integrate point 33/100 at T=0.357222
[s2] About to integrate point 34/100 at T=0.366667
[s2] About to integrate point 35/100 at T=0.376111
[s2] About to integrate point 36/100 at T=0.385556
[s2] About to integrate point 37/100 at T=0.395
[s2] About to integrate point 38/100 at T=0.404444
[s2] About to integrate point 39/100 at T=0.413889
[s2] About to integrate point 40/100 at T=0.423333
[s2] About to integrate point 41/100 at T=0.432778
[s2] About to integrate point 42/100 at T=0.442222
[s2] About to integrate point 43/100 at T=0.451667
[s2] About to integrate point 44/100 at T=0.461111
[s2] About to integrate point 45/100 at T=0.470556
[s2] About to integrate point 46/100 at T=0.48
[s2] About to integrate point 47/100 at T=0.489444
[s2] About to integrate point 48/100 at T=0.498889
[s2] About to integrate point 49/100 at T=0.508333
[s2] About to integrate point 50/100 at T=0.517778
[s2] About to integrate point 51/100 at T=0.527222
[s2] About to integrate point 52/100 at T=0.536667
[s2] About to integrate point 53/100 at T=0.546111
[s2] About to integrate point 54/100 at T=0.555556
[s2] About to integrate point 55/100 at T=0.565
[s2] About to integrate point 56/100 at T=0.574444
[s2] About to integrate point 57/100 at T=0.583889
[s2] About to integrate point 58/100 at T=0.593333
[s2] About to integrate point 59/100 at T=0.602778
[s2] About to integrate point 60/100 at T=0.612222
[s2] About to integrate point 61/100 at T=0.621667
[s2] About to integrate point 62/100 at T=0.631111
[s2] About to integrate point 63/100 at T=0.640556
[s2] About to integrate point 64/100 at T=0.65
[s2] About to integrate point 65/100 at T=0.659444
[s2] About to integrate point 66/100 at T=0.668889
[s2] About to integrate point 67/100 at T=0.678333
[s2] About to integrate point 68/100 at T=0.687778
[s2] About to integrate point 69/100 at T=0.697222
[s2] About to integrate point 70/100 at T=0.706667
[s2] About to integrate point 71/100 at T=0.716111
[s2] About to integrate point 72/100 at T=0.725556
[s2] About to integrate point 73/100 at T=0.735
[s2] About to integrate point 74/100 at T=0.744444
[s2] About to integrate point 75/100 at T=0.753889
[s2] About to integrate point 76/100 at T=0.763333
[s2] About to integrate point 77/100 at T=0.772778
[s2] About to integrate point 78/100 at T=0.782222
[s2] About to integrate point 79/100 at T=0.791667
[s2] About to integrate point 80/100 at T=0.801111
[s2] About to integrate point 81/100 at T=0.810556
[s2] About to integrate point 82/100 at T=0.82
[s2] About to integrate point 83/100 at T=0.829444
[s2] About to integrate point 84/100 at T=0.838889
[s2] About to integrate point 85/100 at T=0.848333
[s2] About to integrate point 86/100 at T=0.857778
[s2] About to integrate point 87/100 at T=0.867222
[s2] About to integrate point 88/100 at T=0.876667
[s2] About to integrate point 89/100 at T=0.886111
[s2] About to integrate point 90/100 at T=0.895556
[s2] About to integrate point 91/100 at T=0.905
[s2] About to integrate point 92/100 at T=0.914444
[s2] About to integrate point 93/100 at T=0.923889
[s2] About to integrate point 94/100 at T=0.933333
[s2] About to integrate point 95/100 at T=0.942778
[s2] About to integrate point 96/100 at T=0.952222
[s2] About to integrate point 97/100 at T=0.961667
[s2] About to integrate point 98/100 at T=0.971111
[s2] About to integrate point 99/100 at T=0.980556
[s2] About to integrate point 100/100 at T=0.99
[s2] Done
[sf] Done
[Zf] Done
[af] About to do step 3/4: compute Rlist/Tmatrix
[af] About to do step 4/4: compute alpha
[af] Done
[compute_alpha] Done
[main] About to compute alpha with Delta approximation only
[compute_alpha] Start: n=100, Tc=1, Tdb=275, approx_sigma=False, approx_Delta=True
[af] About to start alpha calculation for 100 temperature points
[af] About to do step 1/4: compute Z1 at base temperatures
[Zf] Start
[sf] Start: n=100, approx_sigma=False, approx_Delta=True
[sf] About to do step 1/3: compute Delta with approximation
[sf] About to do step 2/3: compute sigma1 by integration
[s1] About to start sigma1 integrations for 100 point(s)
[s1] About to integrate point 1/100 at T=0.05
[s1] About to integrate point 2/100 at T=0.0585859
[s1] About to integrate point 3/100 at T=0.0671717
[s1] About to integrate point 4/100 at T=0.0757576
[s1] About to integrate point 5/100 at T=0.0843434
[s1] About to integrate point 6/100 at T=0.0929293
[s1] About to integrate point 7/100 at T=0.101515
[s1] About to integrate point 8/100 at T=0.110101
[s1] About to integrate point 9/100 at T=0.118687
[s1] About to integrate point 10/100 at T=0.127273
[s1] About to integrate point 11/100 at T=0.135859
[s1] About to integrate point 12/100 at T=0.144444
[s1] About to integrate point 13/100 at T=0.15303
[s1] About to integrate point 14/100 at T=0.161616
[s1] About to integrate point 15/100 at T=0.170202
[s1] About to integrate point 16/100 at T=0.178788
[s1] About to integrate point 17/100 at T=0.187374
[s1] About to integrate point 18/100 at T=0.19596
[s1] About to integrate point 19/100 at T=0.204545
[s1] About to integrate point 20/100 at T=0.213131
[s1] About to integrate point 21/100 at T=0.221717
[s1] About to integrate point 22/100 at T=0.230303
[s1] About to integrate point 23/100 at T=0.238889
[s1] About to integrate point 24/100 at T=0.247475
[s1] About to integrate point 25/100 at T=0.256061
[s1] About to integrate point 26/100 at T=0.264646
[s1] About to integrate point 27/100 at T=0.273232
[s1] About to integrate point 28/100 at T=0.281818
[s1] About to integrate point 29/100 at T=0.290404
[s1] About to integrate point 30/100 at T=0.29899
[s1] About to integrate point 31/100 at T=0.307576
[s1] About to integrate point 32/100 at T=0.316162
[s1] About to integrate point 33/100 at T=0.324747
[s1] About to integrate point 34/100 at T=0.333333
[s1] About to integrate point 35/100 at T=0.341919
[s1] About to integrate point 36/100 at T=0.350505
[s1] About to integrate point 37/100 at T=0.359091
[s1] About to integrate point 38/100 at T=0.367677
[s1] About to integrate point 39/100 at T=0.376263
[s1] About to integrate point 40/100 at T=0.384848
[s1] About to integrate point 41/100 at T=0.393434
[s1] About to integrate point 42/100 at T=0.40202
[s1] About to integrate point 43/100 at T=0.410606
[s1] About to integrate point 44/100 at T=0.419192
[s1] About to integrate point 45/100 at T=0.427778
[s1] About to integrate point 46/100 at T=0.436364
[s1] About to integrate point 47/100 at T=0.444949
[s1] About to integrate point 48/100 at T=0.453535
[s1] About to integrate point 49/100 at T=0.462121
[s1] About to integrate point 50/100 at T=0.470707
[s1] About to integrate point 51/100 at T=0.479293
[s1] About to integrate point 52/100 at T=0.487879
[s1] About to integrate point 53/100 at T=0.496465
[s1] About to integrate point 54/100 at T=0.505051
[s1] About to integrate point 55/100 at T=0.513636
[s1] About to integrate point 56/100 at T=0.522222
[s1] About to integrate point 57/100 at T=0.530808
[s1] About to integrate point 58/100 at T=0.539394
[s1] About to integrate point 59/100 at T=0.54798
[s1] About to integrate point 60/100 at T=0.556566
[s1] About to integrate point 61/100 at T=0.565152
[s1] About to integrate point 62/100 at T=0.573737
[s1] About to integrate point 63/100 at T=0.582323
[s1] About to integrate point 64/100 at T=0.590909
[s1] About to integrate point 65/100 at T=0.599495
[s1] About to integrate point 66/100 at T=0.608081
[s1] About to integrate point 67/100 at T=0.616667
[s1] About to integrate point 68/100 at T=0.625253
[s1] About to integrate point 69/100 at T=0.633838
[s1] About to integrate point 70/100 at T=0.642424
[s1] About to integrate point 71/100 at T=0.65101
[s1] About to integrate point 72/100 at T=0.659596
[s1] About to integrate point 73/100 at T=0.668182
[s1] About to integrate point 74/100 at T=0.676768
[s1] About to integrate point 75/100 at T=0.685354
[s1] About to integrate point 76/100 at T=0.693939
[s1] About to integrate point 77/100 at T=0.702525
[s1] About to integrate point 78/100 at T=0.711111
[s1] About to integrate point 79/100 at T=0.719697
[s1] About to integrate point 80/100 at T=0.728283
[s1] About to integrate point 81/100 at T=0.736869
[s1] About to integrate point 82/100 at T=0.745455
[s1] About to integrate point 83/100 at T=0.75404
[s1] About to integrate point 84/100 at T=0.762626
[s1] About to integrate point 85/100 at T=0.771212
[s1] About to integrate point 86/100 at T=0.779798
[s1] About to integrate point 87/100 at T=0.788384
[s1] About to integrate point 88/100 at T=0.79697
[s1] About to integrate point 89/100 at T=0.805556
[s1] About to integrate point 90/100 at T=0.814141
[s1] About to integrate point 91/100 at T=0.822727
[s1] About to integrate point 92/100 at T=0.831313
[s1] About to integrate point 93/100 at T=0.839899
[s1] About to integrate point 94/100 at T=0.848485
[s1] About to integrate point 95/100 at T=0.857071
[s1] About to integrate point 96/100 at T=0.865657
[s1] About to integrate point 97/100 at T=0.874242
[s1] About to integrate point 98/100 at T=0.882828
[s1] About to integrate point 99/100 at T=0.891414
[s1] About to integrate point 100/100 at T=0.9
[s1] Done
[sf] About to do step 3/3: compute sigma2 by integration
[s2] About to start sigma2 integrations for 100 point(s)
[s2] About to integrate point 1/100 at T=0.05
[s2] About to integrate point 2/100 at T=0.0585859
[s2] About to integrate point 3/100 at T=0.0671717
[s2] About to integrate point 4/100 at T=0.0757576
[s2] About to integrate point 5/100 at T=0.0843434
[s2] About to integrate point 6/100 at T=0.0929293
[s2] About to integrate point 7/100 at T=0.101515
[s2] About to integrate point 8/100 at T=0.110101
[s2] About to integrate point 9/100 at T=0.118687
[s2] About to integrate point 10/100 at T=0.127273
[s2] About to integrate point 11/100 at T=0.135859
[s2] About to integrate point 12/100 at T=0.144444
[s2] About to integrate point 13/100 at T=0.15303
[s2] About to integrate point 14/100 at T=0.161616
[s2] About to integrate point 15/100 at T=0.170202
[s2] About to integrate point 16/100 at T=0.178788
[s2] About to integrate point 17/100 at T=0.187374
[s2] About to integrate point 18/100 at T=0.19596
[s2] About to integrate point 19/100 at T=0.204545
[s2] About to integrate point 20/100 at T=0.213131
[s2] About to integrate point 21/100 at T=0.221717
[s2] About to integrate point 22/100 at T=0.230303
[s2] About to integrate point 23/100 at T=0.238889
[s2] About to integrate point 24/100 at T=0.247475
[s2] About to integrate point 25/100 at T=0.256061
[s2] About to integrate point 26/100 at T=0.264646
[s2] About to integrate point 27/100 at T=0.273232
[s2] About to integrate point 28/100 at T=0.281818
[s2] About to integrate point 29/100 at T=0.290404
[s2] About to integrate point 30/100 at T=0.29899
[s2] About to integrate point 31/100 at T=0.307576
[s2] About to integrate point 32/100 at T=0.316162
[s2] About to integrate point 33/100 at T=0.324747
[s2] About to integrate point 34/100 at T=0.333333
[s2] About to integrate point 35/100 at T=0.341919
[s2] About to integrate point 36/100 at T=0.350505
[s2] About to integrate point 37/100 at T=0.359091
[s2] About to integrate point 38/100 at T=0.367677
[s2] About to integrate point 39/100 at T=0.376263
[s2] About to integrate point 40/100 at T=0.384848
[s2] About to integrate point 41/100 at T=0.393434
[s2] About to integrate point 42/100 at T=0.40202
[s2] About to integrate point 43/100 at T=0.410606
[s2] About to integrate point 44/100 at T=0.419192
[s2] About to integrate point 45/100 at T=0.427778
[s2] About to integrate point 46/100 at T=0.436364
[s2] About to integrate point 47/100 at T=0.444949
[s2] About to integrate point 48/100 at T=0.453535
[s2] About to integrate point 49/100 at T=0.462121
[s2] About to integrate point 50/100 at T=0.470707
[s2] About to integrate point 51/100 at T=0.479293
[s2] About to integrate point 52/100 at T=0.487879
[s2] About to integrate point 53/100 at T=0.496465
[s2] About to integrate point 54/100 at T=0.505051
[s2] About to integrate point 55/100 at T=0.513636
[s2] About to integrate point 56/100 at T=0.522222
[s2] About to integrate point 57/100 at T=0.530808
[s2] About to integrate point 58/100 at T=0.539394
[s2] About to integrate point 59/100 at T=0.54798
[s2] About to integrate point 60/100 at T=0.556566
[s2] About to integrate point 61/100 at T=0.565152
[s2] About to integrate point 62/100 at T=0.573737
[s2] About to integrate point 63/100 at T=0.582323
[s2] About to integrate point 64/100 at T=0.590909
[s2] About to integrate point 65/100 at T=0.599495
[s2] About to integrate point 66/100 at T=0.608081
[s2] About to integrate point 67/100 at T=0.616667
[s2] About to integrate point 68/100 at T=0.625253
[s2] About to integrate point 69/100 at T=0.633838
[s2] About to integrate point 70/100 at T=0.642424
[s2] About to integrate point 71/100 at T=0.65101
[s2] About to integrate point 72/100 at T=0.659596
[s2] About to integrate point 73/100 at T=0.668182
[s2] About to integrate point 74/100 at T=0.676768
[s2] About to integrate point 75/100 at T=0.685354
[s2] About to integrate point 76/100 at T=0.693939
[s2] About to integrate point 77/100 at T=0.702525
[s2] About to integrate point 78/100 at T=0.711111
[s2] About to integrate point 79/100 at T=0.719697
[s2] About to integrate point 80/100 at T=0.728283
[s2] About to integrate point 81/100 at T=0.736869
[s2] About to integrate point 82/100 at T=0.745455
[s2] About to integrate point 83/100 at T=0.75404
[s2] About to integrate point 84/100 at T=0.762626
[s2] About to integrate point 85/100 at T=0.771212
[s2] About to integrate point 86/100 at T=0.779798
[s2] About to integrate point 87/100 at T=0.788384
[s2] About to integrate point 88/100 at T=0.79697
[s2] About to integrate point 89/100 at T=0.805556
[s2] About to integrate point 90/100 at T=0.814141
[s2] About to integrate point 91/100 at T=0.822727
[s2] About to integrate point 92/100 at T=0.831313
[s2] About to integrate point 93/100 at T=0.839899
[s2] About to integrate point 94/100 at T=0.848485
[s2] About to integrate point 95/100 at T=0.857071
[s2] About to integrate point 96/100 at T=0.865657
[s2] About to integrate point 97/100 at T=0.874242
[s2] About to integrate point 98/100 at T=0.882828
[s2] About to integrate point 99/100 at T=0.891414
[s2] About to integrate point 100/100 at T=0.9
[s2] Done
[sf] Done
[Zf] Done
[af] About to do step 2/4: compute Z2 at perturbed temperatures
[Zf] Start
[sf] Start: n=100, approx_sigma=False, approx_Delta=True
[sf] About to do step 1/3: compute Delta with approximation
[sf] About to do step 2/3: compute sigma1 by integration
[s1] About to start sigma1 integrations for 100 point(s)
[s1] About to integrate point 1/100 at T=0.055
[s1] About to integrate point 2/100 at T=0.0644444
[s1] About to integrate point 3/100 at T=0.0738889
[s1] About to integrate point 4/100 at T=0.0833333
[s1] About to integrate point 5/100 at T=0.0927778
[s1] About to integrate point 6/100 at T=0.102222
[s1] About to integrate point 7/100 at T=0.111667
[s1] About to integrate point 8/100 at T=0.121111
[s1] About to integrate point 9/100 at T=0.130556
[s1] About to integrate point 10/100 at T=0.14
[s1] About to integrate point 11/100 at T=0.149444
[s1] About to integrate point 12/100 at T=0.158889
[s1] About to integrate point 13/100 at T=0.168333
[s1] About to integrate point 14/100 at T=0.177778
[s1] About to integrate point 15/100 at T=0.187222
[s1] About to integrate point 16/100 at T=0.196667
[s1] About to integrate point 17/100 at T=0.206111
[s1] About to integrate point 18/100 at T=0.215556
[s1] About to integrate point 19/100 at T=0.225
[s1] About to integrate point 20/100 at T=0.234444
[s1] About to integrate point 21/100 at T=0.243889
[s1] About to integrate point 22/100 at T=0.253333
[s1] About to integrate point 23/100 at T=0.262778
[s1] About to integrate point 24/100 at T=0.272222
[s1] About to integrate point 25/100 at T=0.281667
[s1] About to integrate point 26/100 at T=0.291111
[s1] About to integrate point 27/100 at T=0.300556
[s1] About to integrate point 28/100 at T=0.31
[s1] About to integrate point 29/100 at T=0.319444
[s1] About to integrate point 30/100 at T=0.328889
[s1] About to integrate point 31/100 at T=0.338333
[s1] About to integrate point 32/100 at T=0.347778
[s1] About to integrate point 33/100 at T=0.357222
[s1] About to integrate point 34/100 at T=0.366667
[s1] About to integrate point 35/100 at T=0.376111
[s1] About to integrate point 36/100 at T=0.385556
[s1] About to integrate point 37/100 at T=0.395
[s1] About to integrate point 38/100 at T=0.404444
[s1] About to integrate point 39/100 at T=0.413889
[s1] About to integrate point 40/100 at T=0.423333
[s1] About to integrate point 41/100 at T=0.432778
[s1] About to integrate point 42/100 at T=0.442222
[s1] About to integrate point 43/100 at T=0.451667
[s1] About to integrate point 44/100 at T=0.461111
[s1] About to integrate point 45/100 at T=0.470556
[s1] About to integrate point 46/100 at T=0.48
[s1] About to integrate point 47/100 at T=0.489444
[s1] About to integrate point 48/100 at T=0.498889
[s1] About to integrate point 49/100 at T=0.508333
[s1] About to integrate point 50/100 at T=0.517778
[s1] About to integrate point 51/100 at T=0.527222
[s1] About to integrate point 52/100 at T=0.536667
[s1] About to integrate point 53/100 at T=0.546111
[s1] About to integrate point 54/100 at T=0.555556
[s1] About to integrate point 55/100 at T=0.565
[s1] About to integrate point 56/100 at T=0.574444
[s1] About to integrate point 57/100 at T=0.583889
[s1] About to integrate point 58/100 at T=0.593333
[s1] About to integrate point 59/100 at T=0.602778
[s1] About to integrate point 60/100 at T=0.612222
[s1] About to integrate point 61/100 at T=0.621667
[s1] About to integrate point 62/100 at T=0.631111
[s1] About to integrate point 63/100 at T=0.640556
[s1] About to integrate point 64/100 at T=0.65
[s1] About to integrate point 65/100 at T=0.659444
[s1] About to integrate point 66/100 at T=0.668889
[s1] About to integrate point 67/100 at T=0.678333
[s1] About to integrate point 68/100 at T=0.687778
[s1] About to integrate point 69/100 at T=0.697222
[s1] About to integrate point 70/100 at T=0.706667
[s1] About to integrate point 71/100 at T=0.716111
[s1] About to integrate point 72/100 at T=0.725556
[s1] About to integrate point 73/100 at T=0.735
[s1] About to integrate point 74/100 at T=0.744444
[s1] About to integrate point 75/100 at T=0.753889
[s1] About to integrate point 76/100 at T=0.763333
[s1] About to integrate point 77/100 at T=0.772778
[s1] About to integrate point 78/100 at T=0.782222
[s1] About to integrate point 79/100 at T=0.791667
[s1] About to integrate point 80/100 at T=0.801111
[s1] About to integrate point 81/100 at T=0.810556
[s1] About to integrate point 82/100 at T=0.82
[s1] About to integrate point 83/100 at T=0.829444
[s1] About to integrate point 84/100 at T=0.838889
[s1] About to integrate point 85/100 at T=0.848333
[s1] About to integrate point 86/100 at T=0.857778
[s1] About to integrate point 87/100 at T=0.867222
[s1] About to integrate point 88/100 at T=0.876667
[s1] About to integrate point 89/100 at T=0.886111
[s1] About to integrate point 90/100 at T=0.895556
[s1] About to integrate point 91/100 at T=0.905
[s1] About to integrate point 92/100 at T=0.914444
[s1] About to integrate point 93/100 at T=0.923889
[s1] About to integrate point 94/100 at T=0.933333
[s1] About to integrate point 95/100 at T=0.942778
[s1] About to integrate point 96/100 at T=0.952222
[s1] About to integrate point 97/100 at T=0.961667
[s1] About to integrate point 98/100 at T=0.971111
[s1] About to integrate point 99/100 at T=0.980556
[s1] About to integrate point 100/100 at T=0.99
[s1] Done
[sf] About to do step 3/3: compute sigma2 by integration
[s2] About to start sigma2 integrations for 100 point(s)
[s2] About to integrate point 1/100 at T=0.055
[s2] About to integrate point 2/100 at T=0.0644444
[s2] About to integrate point 3/100 at T=0.0738889
[s2] About to integrate point 4/100 at T=0.0833333
[s2] About to integrate point 5/100 at T=0.0927778
[s2] About to integrate point 6/100 at T=0.102222
[s2] About to integrate point 7/100 at T=0.111667
[s2] About to integrate point 8/100 at T=0.121111
[s2] About to integrate point 9/100 at T=0.130556
[s2] About to integrate point 10/100 at T=0.14
[s2] About to integrate point 11/100 at T=0.149444
[s2] About to integrate point 12/100 at T=0.158889
[s2] About to integrate point 13/100 at T=0.168333
[s2] About to integrate point 14/100 at T=0.177778
[s2] About to integrate point 15/100 at T=0.187222
[s2] About to integrate point 16/100 at T=0.196667
[s2] About to integrate point 17/100 at T=0.206111
[s2] About to integrate point 18/100 at T=0.215556
[s2] About to integrate point 19/100 at T=0.225
[s2] About to integrate point 20/100 at T=0.234444
[s2] About to integrate point 21/100 at T=0.243889
[s2] About to integrate point 22/100 at T=0.253333
[s2] About to integrate point 23/100 at T=0.262778
[s2] About to integrate point 24/100 at T=0.272222
[s2] About to integrate point 25/100 at T=0.281667
[s2] About to integrate point 26/100 at T=0.291111
[s2] About to integrate point 27/100 at T=0.300556
[s2] About to integrate point 28/100 at T=0.31
[s2] About to integrate point 29/100 at T=0.319444
[s2] About to integrate point 30/100 at T=0.328889
[s2] About to integrate point 31/100 at T=0.338333
[s2] About to integrate point 32/100 at T=0.347778
[s2] About to integrate point 33/100 at T=0.357222
[s2] About to integrate point 34/100 at T=0.366667
[s2] About to integrate point 35/100 at T=0.376111
[s2] About to integrate point 36/100 at T=0.385556
[s2] About to integrate point 37/100 at T=0.395
[s2] About to integrate point 38/100 at T=0.404444
[s2] About to integrate point 39/100 at T=0.413889
[s2] About to integrate point 40/100 at T=0.423333
[s2] About to integrate point 41/100 at T=0.432778
[s2] About to integrate point 42/100 at T=0.442222
[s2] About to integrate point 43/100 at T=0.451667
[s2] About to integrate point 44/100 at T=0.461111
[s2] About to integrate point 45/100 at T=0.470556
[s2] About to integrate point 46/100 at T=0.48
[s2] About to integrate point 47/100 at T=0.489444
[s2] About to integrate point 48/100 at T=0.498889
[s2] About to integrate point 49/100 at T=0.508333
[s2] About to integrate point 50/100 at T=0.517778
[s2] About to integrate point 51/100 at T=0.527222
[s2] About to integrate point 52/100 at T=0.536667
[s2] About to integrate point 53/100 at T=0.546111
[s2] About to integrate point 54/100 at T=0.555556
[s2] About to integrate point 55/100 at T=0.565
[s2] About to integrate point 56/100 at T=0.574444
[s2] About to integrate point 57/100 at T=0.583889
[s2] About to integrate point 58/100 at T=0.593333
[s2] About to integrate point 59/100 at T=0.602778
[s2] About to integrate point 60/100 at T=0.612222
[s2] About to integrate point 61/100 at T=0.621667
[s2] About to integrate point 62/100 at T=0.631111
[s2] About to integrate point 63/100 at T=0.640556
[s2] About to integrate point 64/100 at T=0.65
[s2] About to integrate point 65/100 at T=0.659444
[s2] About to integrate point 66/100 at T=0.668889
[s2] About to integrate point 67/100 at T=0.678333
[s2] About to integrate point 68/100 at T=0.687778
[s2] About to integrate point 69/100 at T=0.697222
[s2] About to integrate point 70/100 at T=0.706667
[s2] About to integrate point 71/100 at T=0.716111
[s2] About to integrate point 72/100 at T=0.725556
[s2] About to integrate point 73/100 at T=0.735
[s2] About to integrate point 74/100 at T=0.744444
[s2] About to integrate point 75/100 at T=0.753889
[s2] About to integrate point 76/100 at T=0.763333
[s2] About to integrate point 77/100 at T=0.772778
[s2] About to integrate point 78/100 at T=0.782222
[s2] About to integrate point 79/100 at T=0.791667
[s2] About to integrate point 80/100 at T=0.801111
[s2] About to integrate point 81/100 at T=0.810556
[s2] About to integrate point 82/100 at T=0.82
[s2] About to integrate point 83/100 at T=0.829444
[s2] About to integrate point 84/100 at T=0.838889
[s2] About to integrate point 85/100 at T=0.848333
[s2] About to integrate point 86/100 at T=0.857778
[s2] About to integrate point 87/100 at T=0.867222
[s2] About to integrate point 88/100 at T=0.876667
[s2] About to integrate point 89/100 at T=0.886111
[s2] About to integrate point 90/100 at T=0.895556
[s2] About to integrate point 91/100 at T=0.905
[s2] About to integrate point 92/100 at T=0.914444
[s2] About to integrate point 93/100 at T=0.923889
[s2] About to integrate point 94/100 at T=0.933333
[s2] About to integrate point 95/100 at T=0.942778
[s2] About to integrate point 96/100 at T=0.952222
[s2] About to integrate point 97/100 at T=0.961667
[s2] About to integrate point 98/100 at T=0.971111
[s2] About to integrate point 99/100 at T=0.980556
[s2] About to integrate point 100/100 at T=0.99
[s2] Done
[sf] Done
[Zf] Done
[af] About to do step 3/4: compute Rlist/Tmatrix
[af] About to do step 4/4: compute alpha
[af] Done
[compute_alpha] Done
[main] About to compute alpha with both Delta and Sigma approximations
[compute_alpha] Start: n=100, Tc=1, Tdb=275, approx_sigma=True, approx_Delta=True
[af] About to start alpha calculation for 100 temperature points
[af] About to do step 1/4: compute Z1 at base temperatures
[Zf] Start
[sf] Start: n=100, approx_sigma=True, approx_Delta=True
[sf] About to do step 1/3: compute Delta with approximation
[sf] About to do step 2/3: compute sigma1 approximation
[sf] About to do step 3/3: compute sigma2 approximation
[sf] Done
[Zf] Done
[af] About to do step 2/4: compute Z2 at perturbed temperatures
[Zf] Start
[sf] Start: n=100, approx_sigma=True, approx_Delta=True
[sf] About to do step 1/3: compute Delta with approximation
[sf] About to do step 2/3: compute sigma1 approximation
[sf] About to do step 3/3: compute sigma2 approximation
[sf] Done
[Zf] Done
[af] About to do step 3/4: compute Rlist/Tmatrix
[af] About to do step 4/4: compute alpha
[af] Done
[compute_alpha] Done
